<html>
<head>
<title>TestNG:  Template_Scenarios</title>
<link href="../testng.css" rel="stylesheet" type="text/css" />
<link href="../my-testng.css" rel="stylesheet" type="text/css" />

<style type="text/css">
.log { display: none;} 
.stack-trace { display: none;} 
</style>
<script type="text/javascript">
<!--
function flip(e) {
  current = e.style.display;
  if (current == 'block') {
    e.style.display = 'none';
    return 0;
  }
  else {
    e.style.display = 'block';
    return 1;
  }
}

function toggleBox(szDivId, elem, msg1, msg2)
{
  var res = -1;  if (document.getElementById) {
    res = flip(document.getElementById(szDivId));
  }
  else if (document.all) {
    // this is the way old msie versions work
    res = flip(document.all[szDivId]);
  }
  if(elem) {
    if(res == 0) elem.innerHTML = msg1; else elem.innerHTML = msg2;
  }

}

function toggleAllBoxes() {
  if (document.getElementsByTagName) {
    d = document.getElementsByTagName('div');
    for (i = 0; i < d.length; i++) {
      if (d[i].className == 'log') {
        flip(d[i]);
      }
    }
  }
}

// -->
</script>

</head>
<body>
<h2 align='center'>Template_Scenarios</h2><table border='1' align="center">
<tr>
<td>Tests passed/Failed/Skipped:</td><td>13/2/0</td>
</tr><tr>
<td>Started on:</td><td>Tue Jan 18 21:30:31 IST 2022</td>
</tr>
<tr><td>Total time:</td><td>439 seconds (439428 ms)</td>
</tr><tr>
<td>Included groups:</td><td></td>
</tr><tr>
<td>Excluded groups:</td><td></td>
</tr>
</table><p/>
<small><i>(Hover the method name to see the test class name)</i></small><p/>
<table width='100%' border='1' class='invocation-failed'>
<tr><td colspan='4' align='center'><b>FAILED TESTS</b></td></tr>
<tr><td><b>Test method</b></td>
<td width="30%"><b>Exception</b></td>
<td width="10%"><b>Time (seconds)</b></td>
<td><b>Instance</b></td>
</tr>
<tr>
<td title='Templates.DuplicateTemplate.testDuplicateTemplate()'><b>testDuplicateTemplate</b><br>Test class: Templates.DuplicateTemplate</td>
<td><div><pre>org.openqa.selenium.ElementNotInteractableException: element not interactable
  (Session info: chrome=97.0.4692.71)
Build info: version: &apos;3.141.59&apos;, revision: &apos;e82be7d358&apos;, time: &apos;2018-11-14T08:17:03&apos;
System info: host: &apos;DESKTOP-2MQ9SDJ&apos;, ip: &apos;10.124.22.123&apos;, os.name: &apos;Windows 10&apos;, os.arch: &apos;amd64&apos;, os.version: &apos;10.0&apos;, java.version: &apos;15.0.2&apos;
Driver info: org.openqa.selenium.chrome.ChromeDriver
Capabilities {acceptInsecureCerts: false, browserName: chrome, browserVersion: 97.0.4692.71, chrome: {chromedriverVersion: 97.0.4692.71 (adefa7837d02a..., userDataDir: C:\Users\sande\AppData\Loca...}, goog:chromeOptions: {debuggerAddress: localhost:54906}, javascriptEnabled: true, networkConnectionEnabled: false, pageLoadStrategy: normal, platform: WINDOWS, platformName: WINDOWS, proxy: Proxy(), setWindowRect: true, strictFileInteractability: false, timeouts: {implicit: 0, pageLoad: 300000, script: 30000}, unhandledPromptBehavior: dismiss and notify, webauthn:extension:credBlob: true, webauthn:extension:largeBlob: true, webauthn:virtualAuthenticators: true}
Session ID: dcf349338dac78ff7455d3944e24b9f4
	at org.openqa.selenium.remote.http.W3CHttpResponseCodec.createException(W3CHttpResponseCodec.java:187)
	at org.openqa.selenium.remote.http.W3CHttpResponseCodec.decode(W3CHttpResponseCodec.java:122)
	at org.openqa.selenium.remote.http.W3CHttpResponseCodec.decode(W3CHttpResponseCodec.java:49)
	at org.openqa.selenium.remote.HttpCommandExecutor.execute(HttpCommandExecutor.java:158)
	at org.openqa.selenium.remote.service.DriverCommandExecutor.execute(DriverCommandExecutor.java:83)
	at org.openqa.selenium.remote.RemoteWebDriver.execute(RemoteWebDriver.java:552)
	at org.openqa.selenium.remote.RemoteWebElement.execute(RemoteWebElement.java:285)
	at org.openqa.selenium.remote.RemoteWebElement.click(RemoteWebElement.java:84)
	at Templates.DuplicateTemplate.testDuplicateTemplate(DuplicateTemplate.java:32)
	at java.base/java.util.ArrayList.forEach(ArrayList.java:1511)
... Removed 32 stack frames</pre></div><a href='#' onClick='toggleBox("stack-trace1566104673", this, "Click to show all stack frames", "Click to hide stack frames")'>Click to show all stack frames</a>
<div class='stack-trace' id='stack-trace1566104673'><pre>org.openqa.selenium.ElementNotInteractableException: element not interactable
  (Session info: chrome=97.0.4692.71)
Build info: version: &apos;3.141.59&apos;, revision: &apos;e82be7d358&apos;, time: &apos;2018-11-14T08:17:03&apos;
System info: host: &apos;DESKTOP-2MQ9SDJ&apos;, ip: &apos;10.124.22.123&apos;, os.name: &apos;Windows 10&apos;, os.arch: &apos;amd64&apos;, os.version: &apos;10.0&apos;, java.version: &apos;15.0.2&apos;
Driver info: org.openqa.selenium.chrome.ChromeDriver
Capabilities {acceptInsecureCerts: false, browserName: chrome, browserVersion: 97.0.4692.71, chrome: {chromedriverVersion: 97.0.4692.71 (adefa7837d02a..., userDataDir: C:\Users\sande\AppData\Loca...}, goog:chromeOptions: {debuggerAddress: localhost:54906}, javascriptEnabled: true, networkConnectionEnabled: false, pageLoadStrategy: normal, platform: WINDOWS, platformName: WINDOWS, proxy: Proxy(), setWindowRect: true, strictFileInteractability: false, timeouts: {implicit: 0, pageLoad: 300000, script: 30000}, unhandledPromptBehavior: dismiss and notify, webauthn:extension:credBlob: true, webauthn:extension:largeBlob: true, webauthn:virtualAuthenticators: true}
Session ID: dcf349338dac78ff7455d3944e24b9f4
	at java.base/jdk.internal.reflect.NativeConstructorAccessorImpl.newInstance0(Native Method)
	at java.base/jdk.internal.reflect.NativeConstructorAccessorImpl.newInstance(NativeConstructorAccessorImpl.java:64)
	at java.base/jdk.internal.reflect.DelegatingConstructorAccessorImpl.newInstance(DelegatingConstructorAccessorImpl.java:45)
	at java.base/java.lang.reflect.Constructor.newInstanceWithCaller(Constructor.java:500)
	at java.base/java.lang.reflect.Constructor.newInstance(Constructor.java:481)
	at org.openqa.selenium.remote.http.W3CHttpResponseCodec.createException(W3CHttpResponseCodec.java:187)
	at org.openqa.selenium.remote.http.W3CHttpResponseCodec.decode(W3CHttpResponseCodec.java:122)
	at org.openqa.selenium.remote.http.W3CHttpResponseCodec.decode(W3CHttpResponseCodec.java:49)
	at org.openqa.selenium.remote.HttpCommandExecutor.execute(HttpCommandExecutor.java:158)
	at org.openqa.selenium.remote.service.DriverCommandExecutor.execute(DriverCommandExecutor.java:83)
	at org.openqa.selenium.remote.RemoteWebDriver.execute(RemoteWebDriver.java:552)
	at org.openqa.selenium.remote.RemoteWebElement.execute(RemoteWebElement.java:285)
	at org.openqa.selenium.remote.RemoteWebElement.click(RemoteWebElement.java:84)
	at Templates.DuplicateTemplate.testDuplicateTemplate(DuplicateTemplate.java:32)
	at java.base/jdk.internal.reflect.NativeMethodAccessorImpl.invoke0(Native Method)
	at java.base/jdk.internal.reflect.NativeMethodAccessorImpl.invoke(NativeMethodAccessorImpl.java:64)
	at java.base/jdk.internal.reflect.DelegatingMethodAccessorImpl.invoke(DelegatingMethodAccessorImpl.java:43)
	at java.base/java.lang.reflect.Method.invoke(Method.java:564)
	at org.testng.internal.MethodInvocationHelper.invokeMethod(MethodInvocationHelper.java:133)
	at org.testng.internal.TestInvoker.invokeMethod(TestInvoker.java:598)
	at org.testng.internal.TestInvoker.invokeTestMethod(TestInvoker.java:173)
	at org.testng.internal.MethodRunner.runInSequence(MethodRunner.java:46)
	at org.testng.internal.TestInvoker$MethodInvocationAgent.invoke(TestInvoker.java:824)
	at org.testng.internal.TestInvoker.invokeTestMethods(TestInvoker.java:146)
	at org.testng.internal.TestMethodWorker.invokeTestMethods(TestMethodWorker.java:146)
	at org.testng.internal.TestMethodWorker.run(TestMethodWorker.java:128)
	at java.base/java.util.ArrayList.forEach(ArrayList.java:1511)
	at org.testng.TestRunner.privateRun(TestRunner.java:794)
	at org.testng.TestRunner.run(TestRunner.java:596)
	at org.testng.SuiteRunner.runTest(SuiteRunner.java:377)
	at org.testng.SuiteRunner.runSequentially(SuiteRunner.java:371)
	at org.testng.SuiteRunner.privateRun(SuiteRunner.java:332)
	at org.testng.SuiteRunner.run(SuiteRunner.java:276)
	at org.testng.SuiteRunnerWorker.runSuite(SuiteRunnerWorker.java:53)
	at org.testng.SuiteRunnerWorker.run(SuiteRunnerWorker.java:96)
	at org.testng.TestNG.runSuitesSequentially(TestNG.java:1212)
	at org.testng.TestNG.runSuitesLocally(TestNG.java:1134)
	at org.testng.TestNG.runSuites(TestNG.java:1063)
	at org.testng.TestNG.run(TestNG.java:1031)
	at org.testng.remote.AbstractRemoteTestNG.run(AbstractRemoteTestNG.java:115)
	at org.testng.remote.RemoteTestNG.initAndRun(RemoteTestNG.java:251)
	at org.testng.remote.RemoteTestNG.main(RemoteTestNG.java:77)
</pre></div></td>
<td>27</td>
<td>Templates.DuplicateTemplate@c88a337</td></tr>
<tr>
<td title='Templates.Reordering_Sections_Questions.testReordering()'><b>testReordering</b><br>Test class: Templates.Reordering_Sections_Questions</td>
<td><div><pre>org.openqa.selenium.ElementClickInterceptedException: element click intercepted: Element &lt;a href=&quot;/app/assessments/templates&quot;&gt;...&lt;/a&gt; is not clickable at point (125, 148). Other element would receive the click: &lt;a data-flag=&quot;admin-home&quot; href=&quot;/app/dashboard&quot; aria-current=&quot;page&quot; class=&quot;active&quot;&gt;...&lt;/a&gt;
  (Session info: chrome=97.0.4692.71)
Build info: version: &apos;3.141.59&apos;, revision: &apos;e82be7d358&apos;, time: &apos;2018-11-14T08:17:03&apos;
System info: host: &apos;DESKTOP-2MQ9SDJ&apos;, ip: &apos;10.124.22.123&apos;, os.name: &apos;Windows 10&apos;, os.arch: &apos;amd64&apos;, os.version: &apos;10.0&apos;, java.version: &apos;15.0.2&apos;
Driver info: org.openqa.selenium.chrome.ChromeDriver
Capabilities {acceptInsecureCerts: false, browserName: chrome, browserVersion: 97.0.4692.71, chrome: {chromedriverVersion: 97.0.4692.71 (adefa7837d02a..., userDataDir: C:\Users\sande\AppData\Loca...}, goog:chromeOptions: {debuggerAddress: localhost:54906}, javascriptEnabled: true, networkConnectionEnabled: false, pageLoadStrategy: normal, platform: WINDOWS, platformName: WINDOWS, proxy: Proxy(), setWindowRect: true, strictFileInteractability: false, timeouts: {implicit: 0, pageLoad: 300000, script: 30000}, unhandledPromptBehavior: dismiss and notify, webauthn:extension:credBlob: true, webauthn:extension:largeBlob: true, webauthn:virtualAuthenticators: true}
Session ID: dcf349338dac78ff7455d3944e24b9f4
	at org.openqa.selenium.remote.http.W3CHttpResponseCodec.createException(W3CHttpResponseCodec.java:187)
	at org.openqa.selenium.remote.http.W3CHttpResponseCodec.decode(W3CHttpResponseCodec.java:122)
	at org.openqa.selenium.remote.http.W3CHttpResponseCodec.decode(W3CHttpResponseCodec.java:49)
	at org.openqa.selenium.remote.HttpCommandExecutor.execute(HttpCommandExecutor.java:158)
	at org.openqa.selenium.remote.service.DriverCommandExecutor.execute(DriverCommandExecutor.java:83)
	at org.openqa.selenium.remote.RemoteWebDriver.execute(RemoteWebDriver.java:552)
	at org.openqa.selenium.remote.RemoteWebElement.execute(RemoteWebElement.java:285)
	at org.openqa.selenium.remote.RemoteWebElement.click(RemoteWebElement.java:84)
	at Templates.Reordering_Sections_Questions.testReordering(Reordering_Sections_Questions.java:23)
	at java.base/java.util.ArrayList.forEach(ArrayList.java:1511)
... Removed 32 stack frames</pre></div><a href='#' onClick='toggleBox("stack-trace1138362709", this, "Click to show all stack frames", "Click to hide stack frames")'>Click to show all stack frames</a>
<div class='stack-trace' id='stack-trace1138362709'><pre>org.openqa.selenium.ElementClickInterceptedException: element click intercepted: Element &lt;a href=&quot;/app/assessments/templates&quot;&gt;...&lt;/a&gt; is not clickable at point (125, 148). Other element would receive the click: &lt;a data-flag=&quot;admin-home&quot; href=&quot;/app/dashboard&quot; aria-current=&quot;page&quot; class=&quot;active&quot;&gt;...&lt;/a&gt;
  (Session info: chrome=97.0.4692.71)
Build info: version: &apos;3.141.59&apos;, revision: &apos;e82be7d358&apos;, time: &apos;2018-11-14T08:17:03&apos;
System info: host: &apos;DESKTOP-2MQ9SDJ&apos;, ip: &apos;10.124.22.123&apos;, os.name: &apos;Windows 10&apos;, os.arch: &apos;amd64&apos;, os.version: &apos;10.0&apos;, java.version: &apos;15.0.2&apos;
Driver info: org.openqa.selenium.chrome.ChromeDriver
Capabilities {acceptInsecureCerts: false, browserName: chrome, browserVersion: 97.0.4692.71, chrome: {chromedriverVersion: 97.0.4692.71 (adefa7837d02a..., userDataDir: C:\Users\sande\AppData\Loca...}, goog:chromeOptions: {debuggerAddress: localhost:54906}, javascriptEnabled: true, networkConnectionEnabled: false, pageLoadStrategy: normal, platform: WINDOWS, platformName: WINDOWS, proxy: Proxy(), setWindowRect: true, strictFileInteractability: false, timeouts: {implicit: 0, pageLoad: 300000, script: 30000}, unhandledPromptBehavior: dismiss and notify, webauthn:extension:credBlob: true, webauthn:extension:largeBlob: true, webauthn:virtualAuthenticators: true}
Session ID: dcf349338dac78ff7455d3944e24b9f4
	at java.base/jdk.internal.reflect.NativeConstructorAccessorImpl.newInstance0(Native Method)
	at java.base/jdk.internal.reflect.NativeConstructorAccessorImpl.newInstance(NativeConstructorAccessorImpl.java:64)
	at java.base/jdk.internal.reflect.DelegatingConstructorAccessorImpl.newInstance(DelegatingConstructorAccessorImpl.java:45)
	at java.base/java.lang.reflect.Constructor.newInstanceWithCaller(Constructor.java:500)
	at java.base/java.lang.reflect.Constructor.newInstance(Constructor.java:481)
	at org.openqa.selenium.remote.http.W3CHttpResponseCodec.createException(W3CHttpResponseCodec.java:187)
	at org.openqa.selenium.remote.http.W3CHttpResponseCodec.decode(W3CHttpResponseCodec.java:122)
	at org.openqa.selenium.remote.http.W3CHttpResponseCodec.decode(W3CHttpResponseCodec.java:49)
	at org.openqa.selenium.remote.HttpCommandExecutor.execute(HttpCommandExecutor.java:158)
	at org.openqa.selenium.remote.service.DriverCommandExecutor.execute(DriverCommandExecutor.java:83)
	at org.openqa.selenium.remote.RemoteWebDriver.execute(RemoteWebDriver.java:552)
	at org.openqa.selenium.remote.RemoteWebElement.execute(RemoteWebElement.java:285)
	at org.openqa.selenium.remote.RemoteWebElement.click(RemoteWebElement.java:84)
	at Templates.Reordering_Sections_Questions.testReordering(Reordering_Sections_Questions.java:23)
	at java.base/jdk.internal.reflect.NativeMethodAccessorImpl.invoke0(Native Method)
	at java.base/jdk.internal.reflect.NativeMethodAccessorImpl.invoke(NativeMethodAccessorImpl.java:64)
	at java.base/jdk.internal.reflect.DelegatingMethodAccessorImpl.invoke(DelegatingMethodAccessorImpl.java:43)
	at java.base/java.lang.reflect.Method.invoke(Method.java:564)
	at org.testng.internal.MethodInvocationHelper.invokeMethod(MethodInvocationHelper.java:133)
	at org.testng.internal.TestInvoker.invokeMethod(TestInvoker.java:598)
	at org.testng.internal.TestInvoker.invokeTestMethod(TestInvoker.java:173)
	at org.testng.internal.MethodRunner.runInSequence(MethodRunner.java:46)
	at org.testng.internal.TestInvoker$MethodInvocationAgent.invoke(TestInvoker.java:824)
	at org.testng.internal.TestInvoker.invokeTestMethods(TestInvoker.java:146)
	at org.testng.internal.TestMethodWorker.invokeTestMethods(TestMethodWorker.java:146)
	at org.testng.internal.TestMethodWorker.run(TestMethodWorker.java:128)
	at java.base/java.util.ArrayList.forEach(ArrayList.java:1511)
	at org.testng.TestRunner.privateRun(TestRunner.java:794)
	at org.testng.TestRunner.run(TestRunner.java:596)
	at org.testng.SuiteRunner.runTest(SuiteRunner.java:377)
	at org.testng.SuiteRunner.runSequentially(SuiteRunner.java:371)
	at org.testng.SuiteRunner.privateRun(SuiteRunner.java:332)
	at org.testng.SuiteRunner.run(SuiteRunner.java:276)
	at org.testng.SuiteRunnerWorker.runSuite(SuiteRunnerWorker.java:53)
	at org.testng.SuiteRunnerWorker.run(SuiteRunnerWorker.java:96)
	at org.testng.TestNG.runSuitesSequentially(TestNG.java:1212)
	at org.testng.TestNG.runSuitesLocally(TestNG.java:1134)
	at org.testng.TestNG.runSuites(TestNG.java:1063)
	at org.testng.TestNG.run(TestNG.java:1031)
	at org.testng.remote.AbstractRemoteTestNG.run(AbstractRemoteTestNG.java:115)
	at org.testng.remote.RemoteTestNG.initAndRun(RemoteTestNG.java:251)
	at org.testng.remote.RemoteTestNG.main(RemoteTestNG.java:77)
</pre></div></td>
<td>2</td>
<td>Templates.Reordering_Sections_Questions@bae7dc0</td></tr>
</table><p>
<table width='100%' border='1' class='invocation-passed'>
<tr><td colspan='4' align='center'><b>PASSED TESTS</b></td></tr>
<tr><td><b>Test method</b></td>
<td width="30%"><b>Exception</b></td>
<td width="10%"><b>Time (seconds)</b></td>
<td><b>Instance</b></td>
</tr>
<tr>
<td title='Templates.AddSections.testAddingSections()'><b>testAddingSections</b><br>Test class: Templates.AddSections<br>Parameters: Sec3, Lorem Ipsum, Lorem Ipsum is a dummy text..!, Lorem Ipsum is a dummy text..!, Lorem Ipsum is a dummy text..!, Lorem Ipsum is a dummy text..!, Lorem Ipsum is a dummy text..!, Lorem Ipsum is a dummy text..!, Lorem Ipsum is a dummy text..!, Lorem Ipsum is a dummy text..!, Lorem Ipsum is a dummy text..!, Lorem Ipsum is a dummy text..!, Lorem Ipsum is a dummy text..!, Lorem Ipsum is a dummy text..!, Lorem Ipsum is a dummy text..!, Lorem Ipsum is a dummy text..!, Lorem Ipsum is a dummy text..!</td>
<td></td>
<td>27</td>
<td>Templates.AddSections@52af26ee</td></tr>
<tr>
<td title='Templates.Qns1_10Slider.testAddQuestions()'><b>testAddQuestions</b><br>Test class: Templates.Qns1_10Slider</td>
<td></td>
<td>30</td>
<td>Templates.Qns1_10Slider@6fd83fc1</td></tr>
<tr>
<td title='Templates.EditQuestions.testEditQuestions()'><b>testEditQuestions</b><br>Test class: Templates.EditQuestions</td>
<td></td>
<td>33</td>
<td>Templates.EditQuestions@342c38f8</td></tr>
<tr>
<td title='Templates.import_Sections.testImportSections()'><b>testImportSections</b><br>Test class: Templates.import_Sections</td>
<td></td>
<td>30</td>
<td>Templates.import_Sections@6392827e</td></tr>
<tr>
<td title='Templates.configuring_template.testConfigure()'><b>testConfigure</b><br>Test class: Templates.configuring_template</td>
<td></td>
<td>20</td>
<td>Templates.configuring_template@306e95ec</td></tr>
<tr>
<td title='Templates.Create_Template.testCreateTemplate()'><b>testCreateTemplate</b><br>Test class: Templates.Create_Template<br>Parameters: Lorem Ipsum, Lorem ipsum dolor sit amet consectetur adipiscing elit purus, nec magna mi conubia suscipit proin fermentum, augue phasellus a ridiculus velit posuere tristique., Lorem ipsum dolor sit amet consectetur adipiscing elit purus, nec magna mi conubia suscipit proin fermentum, augue phasellus a ridiculus velit posuere tristique., Lorem ipsum dolor sit amet consectetur adipiscing elit purus, nec magna mi conubia suscipit proin fermentum, augue phasellus a ridiculus velit posuere tristique., Lorem ipsum dolor sit amet consectetur adipiscing elit purus, nec magna mi conubia suscipit proin fermentum, augue phasellus a ridiculus velit posuere tristique., Lorem ipsum dolor sit amet consectetur adipiscing elit purus, nec magna mi conubia suscipit proin fermentum, augue phasellus a ridiculus velit posuere tristique., Lorem ipsum dolor sit amet consectetur adipiscing elit purus, nec magna mi conubia suscipit proin fermentum, augue phasellus a ridiculus velit posuere tristique., Lorem ipsum dolor sit amet consectetur adipiscing elit purus, nec magna mi conubia suscipit proin fermentum, augue phasellus a ridiculus velit posuere tristique., Lorem ipsum dolor sit amet consectetur adipiscing elit purus, nec magna mi conubia suscipit proin fermentum, augue phasellus a ridiculus velit posuere tristique., Lorem ipsum dolor sit amet consectetur adipiscing elit purus, nec magna mi conubia suscipit proin fermentum, augue phasellus a ridiculus velit posuere tristique., Lorem ipsum dolor sit amet consectetur adipiscing elit purus, nec magna mi conubia suscipit proin fermentum, augue phasellus a ridiculus velit posuere tristique., Lorem ipsum dolor sit amet consectetur adipiscing elit purus, nec magna mi conubia suscipit proin fermentum, augue phasellus a ridiculus velit posuere tristique., Lorem ipsum dolor sit amet consectetur adipiscing elit purus, nec magna mi conubia suscipit proin fermentum, augue phasellus a ridiculus velit posuere tristique., Lorem ipsum dolor sit amet consectetur adipiscing elit purus, nec magna mi conubia suscipit proin fermentum, augue phasellus a ridiculus velit posuere tristique., Lorem ipsum dolor sit amet consectetur adipiscing elit purus, nec magna mi conubia suscipit proin fermentum, augue phasellus a ridiculus velit posuere tristique., Lorem ipsum dolor sit amet consectetur adipiscing elit purus, nec magna mi conubia suscipit proin fermentum, augue phasellus a ridiculus velit posuere tristique., Lorem ipsum dolor sit amet consectetur adipiscing elit purus, nec magna mi conubia suscipit proin fermentum, augue phasellus a ridiculus velit posuere tristique., Lorem ipsum dolor sit amet consectetur adipiscing elit purus, nec magna mi conubia suscipit proin fermentum, augue phasellus a ridiculus velit posuere tristique.</td>
<td></td>
<td>19</td>
<td>Templates.Create_Template@25fb8912</td></tr>
<tr>
<td title='Templates.AddSections.testAddingSections()'><b>testAddingSections</b><br>Test class: Templates.AddSections<br>Parameters: Sec1, Lorem Ipsum, Lorem Ipsum is a dummy text..!, Lorem Ipsum is a dummy text..!, Lorem Ipsum is a dummy text..!, Lorem Ipsum is a dummy text..!, Lorem Ipsum is a dummy text..!, Lorem Ipsum is a dummy text..!, Lorem Ipsum is a dummy text..!, Lorem Ipsum is a dummy text..!, Lorem Ipsum is a dummy text..!, Lorem Ipsum is a dummy text..!, Lorem Ipsum is a dummy text..!, Lorem Ipsum is a dummy text..!, Lorem Ipsum is a dummy text..!, Lorem Ipsum is a dummy text..!, Lorem Ipsum is a dummy text..!</td>
<td></td>
<td>22</td>
<td>Templates.AddSections@52af26ee</td></tr>
<tr>
<td title='Templates.publish_without_DetailedExecReports.testPublishTemp()'><b>testPublishTemp</b><br>Test class: Templates.publish_without_DetailedExecReports</td>
<td></td>
<td>35</td>
<td>Templates.publish_without_DetailedExecReports@d5b810e</td></tr>
<tr>
<td title='Templates.AddSections.testAddingSections()'><b>testAddingSections</b><br>Test class: Templates.AddSections<br>Parameters: Sec2, Lorem Ipsum, Lorem Ipsum is a dummy text..!, Lorem Ipsum is a dummy text..!, Lorem Ipsum is a dummy text..!, Lorem Ipsum is a dummy text..!, Lorem Ipsum is a dummy text..!, Lorem Ipsum is a dummy text..!, Lorem Ipsum is a dummy text..!, Lorem Ipsum is a dummy text..!, Lorem Ipsum is a dummy text..!, Lorem Ipsum is a dummy text..!, Lorem Ipsum is a dummy text..!, Lorem Ipsum is a dummy text..!, Lorem Ipsum is a dummy text..!, Lorem Ipsum is a dummy text..!, Lorem Ipsum is a dummy text..!</td>
<td></td>
<td>27</td>
<td>Templates.AddSections@52af26ee</td></tr>
<tr>
<td title='Templates.Yes_No_Qns.test()'><b>test</b><br>Test class: Templates.Yes_No_Qns</td>
<td></td>
<td>33</td>
<td>Templates.Yes_No_Qns@4f2b503c</td></tr>
<tr>
<td title='Templates.EditSecScore_DeleteSec.testEditSectionScore()'><b>testEditSectionScore</b><br>Test class: Templates.EditSecScore_DeleteSec</td>
<td></td>
<td>25</td>
<td>Templates.EditSecScore_DeleteSec@209da20d</td></tr>
<tr>
<td title='Templates.Publish_Temp_MultipleQnsPerPage.testMultipleQnsPerPage()'><b>testMultipleQnsPerPage</b><br>Test class: Templates.Publish_Temp_MultipleQnsPerPage</td>
<td></td>
<td>34</td>
<td>Templates.Publish_Temp_MultipleQnsPerPage@2ed2d9cb</td></tr>
<tr>
<td title='Templates.publish_without_ExecReport.testPublishNoExecutive()'><b>testPublishNoExecutive</b><br>Test class: Templates.publish_without_ExecReport</td>
<td></td>
<td>36</td>
<td>Templates.publish_without_ExecReport@43dac38f</td></tr>
</table><p>
</body>
</html>