<?xml version="1.0" encoding="UTF-8"?>
<!-- Generated by org.testng.reporters.JUnitReportReporter -->
<testsuite hostname="DESKTOP-2MQ9SDJ" failures="0" tests="12" name="com.aristiun.dev_sa.Login.Login" time="0.229" errors="1" timestamp="2022-01-21T12:44:41 IST" skipped="11">
  <testcase classname="com.aristiun.dev_sa.Login.Login" name="testLoginFeature" time="0.000">
    <skipped/>
  </testcase> <!-- testLoginFeature -->
  <system-out/>
  <testcase classname="com.aristiun.dev_sa.Login.Login" name="testLoginFeature" time="0.000">
    <skipped/>
  </testcase> <!-- testLoginFeature -->
  <system-out/>
  <testcase classname="com.aristiun.dev_sa.Login.Login" name="testLoginFeature" time="0.000">
    <skipped/>
  </testcase> <!-- testLoginFeature -->
  <system-out/>
  <testcase classname="com.aristiun.dev_sa.Login.Login" name="testLoginFeature" time="0.000">
    <skipped/>
  </testcase> <!-- testLoginFeature -->
  <system-out/>
  <testcase classname="com.aristiun.dev_sa.Login.Login" name="testLoginFeature" time="0.000">
    <skipped/>
  </testcase> <!-- testLoginFeature -->
  <system-out/>
  <testcase classname="com.aristiun.dev_sa.Login.Login" name="testLoginFeature" time="0.000">
    <skipped/>
  </testcase> <!-- testLoginFeature -->
  <system-out/>
  <testcase classname="com.aristiun.dev_sa.Login.Login" name="testLoginFeature" time="0.000">
    <skipped/>
  </testcase> <!-- testLoginFeature -->
  <system-out/>
  <testcase classname="com.aristiun.dev_sa.Login.Login" name="testLoginFeature" time="0.000">
    <skipped/>
  </testcase> <!-- testLoginFeature -->
  <system-out/>
  <testcase classname="com.aristiun.dev_sa.Login.Login" name="testLoginFeature" time="0.000">
    <skipped/>
  </testcase> <!-- testLoginFeature -->
  <system-out/>
  <testcase classname="com.aristiun.dev_sa.Login.Login" name="testLoginFeature" time="0.000">
    <skipped/>
  </testcase> <!-- testLoginFeature -->
  <system-out/>
  <testcase classname="com.aristiun.dev_sa.Login.Login" name="testLoginFeature" time="0.000">
    <skipped/>
  </testcase> <!-- testLoginFeature -->
  <system-out/>
  <testcase classname="com.aristiun.dev_sa.Login.Login" name="OpenBrowser" time="0.229">
    <error message="SafariDriver requires Safari 10 running on OSX El Capitan or greater.
Build info: version: &#039;3.141.59&#039;, revision: &#039;e82be7d358&#039;, time: &#039;2018-11-14T08:17:03&#039;
System info: host: &#039;DESKTOP-2MQ9SDJ&#039;, ip: &#039;10.124.22.123&#039;, os.name: &#039;Windows 10&#039;, os.arch: &#039;amd64&#039;, os.version: &#039;10.0&#039;, java.version: &#039;15.0.2&#039;
Driver info: driver.version: SafariDriver" type="org.openqa.selenium.WebDriverException">
      <![CDATA[org.openqa.selenium.WebDriverException: SafariDriver requires Safari 10 running on OSX El Capitan or greater.
Build info: version: '3.141.59', revision: 'e82be7d358', time: '2018-11-14T08:17:03'
System info: host: 'DESKTOP-2MQ9SDJ', ip: '10.124.22.123', os.name: 'Windows 10', os.arch: 'amd64', os.version: '10.0', java.version: '15.0.2'
Driver info: driver.version: SafariDriver
at org.openqa.selenium.safari.SafariDriverService.createDefaultService(SafariDriverService.java:59)
at org.openqa.selenium.safari.SafariDriver.<init>(SafariDriver.java:63)
at org.openqa.selenium.safari.SafariDriver.<init>(SafariDriver.java:41)
at com.aristiun.dev_sa.Login.BaseClass.OpenBrowser(BaseClass.java:19)
at java.base/jdk.internal.reflect.NativeMethodAccessorImpl.invoke0(Native Method)
at java.base/jdk.internal.reflect.NativeMethodAccessorImpl.invoke(NativeMethodAccessorImpl.java:64)
at java.base/jdk.internal.reflect.DelegatingMethodAccessorImpl.invoke(DelegatingMethodAccessorImpl.java:43)
at java.base/java.lang.reflect.Method.invoke(Method.java:564)
at org.testng.internal.MethodInvocationHelper.invokeMethod(MethodInvocationHelper.java:133)
at org.testng.internal.MethodInvocationHelper.invokeMethodConsideringTimeout(MethodInvocationHelper.java:62)
at org.testng.internal.ConfigInvoker.invokeConfigurationMethod(ConfigInvoker.java:385)
at org.testng.internal.ConfigInvoker.invokeConfigurations(ConfigInvoker.java:321)
at org.testng.TestRunner.invokeTestConfigurations(TestRunner.java:637)
at org.testng.TestRunner.beforeRun(TestRunner.java:627)
at org.testng.TestRunner.run(TestRunner.java:589)
at org.testng.SuiteRunner.runTest(SuiteRunner.java:377)
at org.testng.SuiteRunner.runSequentially(SuiteRunner.java:371)
at org.testng.SuiteRunner.privateRun(SuiteRunner.java:332)
at org.testng.SuiteRunner.run(SuiteRunner.java:276)
at org.testng.SuiteRunnerWorker.runSuite(SuiteRunnerWorker.java:53)
at org.testng.SuiteRunnerWorker.run(SuiteRunnerWorker.java:96)
at org.testng.TestNG.runSuitesSequentially(TestNG.java:1212)
at org.testng.TestNG.runSuitesLocally(TestNG.java:1134)
at org.testng.TestNG.runSuites(TestNG.java:1063)
at org.testng.TestNG.run(TestNG.java:1031)
at org.testng.remote.AbstractRemoteTestNG.run(AbstractRemoteTestNG.java:115)
at org.testng.remote.RemoteTestNG.initAndRun(RemoteTestNG.java:251)
at org.testng.remote.RemoteTestNG.main(RemoteTestNG.java:77)
]]>
    </error>
  </testcase> <!-- OpenBrowser -->
  <system-out/>
</testsuite> <!-- com.aristiun.dev_sa.Login.Login -->
