<?xml version="1.0" encoding="UTF-8"?>
<!-- Generated by org.testng.reporters.JUnitXMLReporter -->
<testsuite ignored="0" hostname="DESKTOP-2MQ9SDJ" failures="0" tests="11" name="Default test" time="5.053" errors="0" timestamp="2022-01-21T12:44:40 IST">
  <testcase classname="com.aristiun.dev_sa.Login.BaseClass" name="@BeforeTest OpenBrowser" time="0.229">
    <failure type="org.openqa.selenium.WebDriverException" message="SafariDriver requires Safari 10 running on OSX El Capitan or greater.
Build info: version: &amp;apos;3.141.59&amp;apos;, revision: &amp;apos;e82be7d358&amp;apos;, time: &amp;apos;2018-11-14T08:17:03&amp;apos;
System info: host: &amp;apos;DESKTOP-2MQ9SDJ&amp;apos;, ip: &amp;apos;10.124.22.123&amp;apos;, os.name: &amp;apos;Windows 10&amp;apos;, os.arch: &amp;apos;amd64&amp;apos;, os.version: &amp;apos;10.0&amp;apos;, java.version: &amp;apos;15.0.2&amp;apos;
Driver info: driver.version: SafariDriver">
      <![CDATA[org.openqa.selenium.WebDriverException: SafariDriver requires Safari 10 running on OSX El Capitan or greater.
Build info: version: '3.141.59', revision: 'e82be7d358', time: '2018-11-14T08:17:03'
System info: host: 'DESKTOP-2MQ9SDJ', ip: '10.124.22.123', os.name: 'Windows 10', os.arch: 'amd64', os.version: '10.0', java.version: '15.0.2'
Driver info: driver.version: SafariDriver
at org.openqa.selenium.safari.SafariDriverService.createDefaultService(SafariDriverService.java:59)
at org.openqa.selenium.safari.SafariDriver.<init>(SafariDriver.java:63)
at org.openqa.selenium.safari.SafariDriver.<init>(SafariDriver.java:41)
at com.aristiun.dev_sa.Login.BaseClass.OpenBrowser(BaseClass.java:19)
at java.base/jdk.internal.reflect.NativeMethodAccessorImpl.invoke0(Native Method)
at java.base/jdk.internal.reflect.NativeMethodAccessorImpl.invoke(NativeMethodAccessorImpl.java:64)
at java.base/jdk.internal.reflect.DelegatingMethodAccessorImpl.invoke(DelegatingMethodAccessorImpl.java:43)
at java.base/java.lang.reflect.Method.invoke(Method.java:564)
at org.testng.internal.MethodInvocationHelper.invokeMethod(MethodInvocationHelper.java:133)
at org.testng.internal.MethodInvocationHelper.invokeMethodConsideringTimeout(MethodInvocationHelper.java:62)
at org.testng.internal.ConfigInvoker.invokeConfigurationMethod(ConfigInvoker.java:385)
at org.testng.internal.ConfigInvoker.invokeConfigurations(ConfigInvoker.java:321)
at org.testng.TestRunner.invokeTestConfigurations(TestRunner.java:637)
at org.testng.TestRunner.beforeRun(TestRunner.java:627)
at org.testng.TestRunner.run(TestRunner.java:589)
at org.testng.SuiteRunner.runTest(SuiteRunner.java:377)
at org.testng.SuiteRunner.runSequentially(SuiteRunner.java:371)
at org.testng.SuiteRunner.privateRun(SuiteRunner.java:332)
at org.testng.SuiteRunner.run(SuiteRunner.java:276)
at org.testng.SuiteRunnerWorker.runSuite(SuiteRunnerWorker.java:53)
at org.testng.SuiteRunnerWorker.run(SuiteRunnerWorker.java:96)
at org.testng.TestNG.runSuitesSequentially(TestNG.java:1212)
at org.testng.TestNG.runSuitesLocally(TestNG.java:1134)
at org.testng.TestNG.runSuites(TestNG.java:1063)
at org.testng.TestNG.run(TestNG.java:1031)
at org.testng.remote.AbstractRemoteTestNG.run(AbstractRemoteTestNG.java:115)
at org.testng.remote.RemoteTestNG.initAndRun(RemoteTestNG.java:251)
at org.testng.remote.RemoteTestNG.main(RemoteTestNG.java:77)
]]>
    </failure>
  </testcase> <!-- @BeforeTest OpenBrowser -->
  <testcase classname="com.aristiun.dev_sa.Login.BaseClass" name="@AfterTest CloseBrowser" time="-1.642749280401E9">
    <skipped/>
  </testcase> <!-- @AfterTest CloseBrowser -->
  <testcase classname="com.aristiun.dev_sa.Login.Login" name="testLoginFeature" time="0.0">
    <skipped/>
  </testcase> <!-- testLoginFeature -->
  <testcase classname="com.aristiun.dev_sa.Login.Login" name="testLoginFeature" time="0.0">
    <skipped/>
  </testcase> <!-- testLoginFeature -->
  <testcase classname="com.aristiun.dev_sa.Login.Login" name="testLoginFeature" time="0.0">
    <skipped/>
  </testcase> <!-- testLoginFeature -->
  <testcase classname="com.aristiun.dev_sa.Login.Login" name="testLoginFeature" time="0.0">
    <skipped/>
  </testcase> <!-- testLoginFeature -->
  <testcase classname="com.aristiun.dev_sa.Login.Login" name="testLoginFeature" time="0.0">
    <skipped/>
  </testcase> <!-- testLoginFeature -->
  <testcase classname="com.aristiun.dev_sa.Login.Login" name="testLoginFeature" time="0.0">
    <skipped/>
  </testcase> <!-- testLoginFeature -->
  <testcase classname="com.aristiun.dev_sa.Login.Login" name="testLoginFeature" time="0.0">
    <skipped/>
  </testcase> <!-- testLoginFeature -->
  <testcase classname="com.aristiun.dev_sa.Login.Login" name="testLoginFeature" time="0.0">
    <skipped/>
  </testcase> <!-- testLoginFeature -->
  <testcase classname="com.aristiun.dev_sa.Login.Login" name="testLoginFeature" time="0.0">
    <skipped/>
  </testcase> <!-- testLoginFeature -->
  <testcase classname="com.aristiun.dev_sa.Login.Login" name="testLoginFeature" time="0.0">
    <skipped/>
  </testcase> <!-- testLoginFeature -->
  <testcase classname="com.aristiun.dev_sa.Login.Login" name="testLoginFeature" time="0.0">
    <skipped/>
  </testcase> <!-- testLoginFeature -->
</testsuite> <!-- Default test -->
